        -:    0:Source:model/Movie.h
        -:    0:Graph:user_controller.gcno
        -:    0:Data:user_controller.gcda
        -:    0:Runs:2
        -:    0:Programs:1
        -:    1:#ifndef MOVIE_H
        -:    2:#define MOVIE_H
        -:    3:#include <string>
        -:    4:#include <iostream>
        -:    5:
    #####:    6:class Movie {
        -:    7:private:
        -:    8:  std::string name;
        -:    9:  std::string genre;
        -:   10:  std::string trailer;
        -:   11:  int year;
        -:   12:  int likes;
        -:   13:public:
        -:   14:  Movie();
        -:   15:
        -:   16:  Movie(const std::string& n, const std::string& g, const std::string& t, int y);
        -:   17:
        -:   18:  Movie(const Movie& m);
        -:   19:
        -:   20:  Movie& operator = (const Movie&);
        -:   21:
        -:   22:  void setName(std::string name);
        -:   23:
        -:   24:  std::string getName() const;
        -:   25:
        -:   26:  void setGenre(std::string genre);
        -:   27:
        -:   28:  std::string getGenre() const;
        -:   29:
        -:   30:  void setTrailer(std::string trailer);
        -:   31:
        -:   32:  std::string getTrailer() const;
        -:   33:
        -:   34:  void setYear(int year);
        -:   35:
        -:   36:  int getYear() const;
        -:   37:
        -:   38:  void setLikes(int likes);
        -:   39:
        -:   40:  int getLikes() const;
        -:   41:
        -:   42:  bool operator == (const Movie other) const;
        -:   43:
        -:   44:  Movie& operator ++ ();
        -:   45:
        -:   46:  Movie& operator ++ (int);
        -:   47:
        -:   48:  friend std::ostream& operator << (std::ostream& os, const Movie& m);
        -:   49:};
        -:   50:
        -:   51:#endif
